[2018-12-07T09:23:33,604][INFO ][o.e.n.Node               ] [lg_node_1] initializing ...
[2018-12-07T09:23:33,898][INFO ][o.e.e.NodeEnvironment    ] [lg_node_1] using [1] data paths, mounts [[(D:)]], net usable_space [175.8gb], net total_space [199.9gb], types [NTFS]
[2018-12-07T09:23:33,899][INFO ][o.e.e.NodeEnvironment    ] [lg_node_1] heap size [990.7mb], compressed ordinary object pointers [true]
[2018-12-07T09:23:33,901][INFO ][o.e.n.Node               ] [lg_node_1] node name [lg_node_1], node ID [FD5NqzqVRuOX9qLAdGcK5Q]
[2018-12-07T09:23:33,903][INFO ][o.e.n.Node               ] [lg_node_1] version[6.2.1], pid[6528], build[7299dc3/2018-02-07T19:34:26.990113Z], OS[Windows 7/6.1/amd64], JVM[Oracle Corporation/Java HotSpot(TM) 64-Bit Server VM/1.8.0_171/25.171-b11]
[2018-12-07T09:23:33,905][INFO ][o.e.n.Node               ] [lg_node_1] JVM arguments [-Xms1g, -Xmx1g, -XX:+UseConcMarkSweepGC, -XX:CMSInitiatingOccupancyFraction=75, -XX:+UseCMSInitiatingOccupancyOnly, -XX:+AlwaysPreTouch, -Xss1m, -Djava.awt.headless=true, -Dfile.encoding=UTF-8, -Djna.nosys=true, -XX:-OmitStackTraceInFastThrow, -Dio.netty.noUnsafe=true, -Dio.netty.noKeySetOptimization=true, -Dio.netty.recycler.maxCapacityPerThread=0, -Dlog4j.shutdownHookEnabled=false, -Dlog4j2.disable.jmx=true, -Djava.io.tmpdir=C:\Users\ADMINI~1\AppData\Local\Temp\elasticsearch, -XX:+HeapDumpOnOutOfMemoryError, -XX:+PrintGCDetails, -XX:+PrintGCDateStamps, -XX:+PrintTenuringDistribution, -XX:+PrintGCApplicationStoppedTime, -Xloggc:logs/gc.log, -XX:+UseGCLogFileRotation, -XX:NumberOfGCLogFiles=32, -XX:GCLogFileSize=64m, -Delasticsearch, -Des.path.home=D:\elasticsearch-6.2.1, -Des.path.conf=D:\elasticsearch-6.2.1\config]
[2018-12-07T09:23:35,151][INFO ][o.e.p.PluginsService     ] [lg_node_1] loaded module [aggs-matrix-stats]
[2018-12-07T09:23:35,152][INFO ][o.e.p.PluginsService     ] [lg_node_1] loaded module [analysis-common]
[2018-12-07T09:23:35,152][INFO ][o.e.p.PluginsService     ] [lg_node_1] loaded module [ingest-common]
[2018-12-07T09:23:35,153][INFO ][o.e.p.PluginsService     ] [lg_node_1] loaded module [lang-expression]
[2018-12-07T09:23:35,153][INFO ][o.e.p.PluginsService     ] [lg_node_1] loaded module [lang-mustache]
[2018-12-07T09:23:35,153][INFO ][o.e.p.PluginsService     ] [lg_node_1] loaded module [lang-painless]
[2018-12-07T09:23:35,154][INFO ][o.e.p.PluginsService     ] [lg_node_1] loaded module [mapper-extras]
[2018-12-07T09:23:35,155][INFO ][o.e.p.PluginsService     ] [lg_node_1] loaded module [parent-join]
[2018-12-07T09:23:35,155][INFO ][o.e.p.PluginsService     ] [lg_node_1] loaded module [percolator]
[2018-12-07T09:23:35,156][INFO ][o.e.p.PluginsService     ] [lg_node_1] loaded module [rank-eval]
[2018-12-07T09:23:35,157][INFO ][o.e.p.PluginsService     ] [lg_node_1] loaded module [reindex]
[2018-12-07T09:23:35,157][INFO ][o.e.p.PluginsService     ] [lg_node_1] loaded module [repository-url]
[2018-12-07T09:23:35,157][INFO ][o.e.p.PluginsService     ] [lg_node_1] loaded module [transport-netty4]
[2018-12-07T09:23:35,158][INFO ][o.e.p.PluginsService     ] [lg_node_1] loaded module [tribe]
[2018-12-07T09:23:35,160][INFO ][o.e.p.PluginsService     ] [lg_node_1] loaded plugin [analysis-ik]
[2018-12-07T09:23:39,473][INFO ][o.e.d.DiscoveryModule    ] [lg_node_1] using discovery type [zen]
[2018-12-07T09:23:40,285][INFO ][o.e.n.Node               ] [lg_node_1] initialized
[2018-12-07T09:23:40,286][INFO ][o.e.n.Node               ] [lg_node_1] starting ...
[2018-12-07T09:23:40,876][INFO ][o.e.t.TransportService   ] [lg_node_1] publish_address {192.168.1.88:9300}, bound_addresses {[::]:9300}
[2018-12-07T09:23:40,888][INFO ][o.e.b.BootstrapChecks    ] [lg_node_1] bound or publishing to a non-loopback address, enforcing bootstrap checks
[2018-12-07T09:23:44,034][INFO ][o.e.c.s.MasterService    ] [lg_node_1] zen-disco-elected-as-master ([0] nodes joined), reason: new_master {lg_node_1}{FD5NqzqVRuOX9qLAdGcK5Q}{Zeti6tjqTM2azZQTxmj3ig}{192.168.1.88}{192.168.1.88:9300}
[2018-12-07T09:23:44,039][INFO ][o.e.c.s.ClusterApplierService] [lg_node_1] new_master {lg_node_1}{FD5NqzqVRuOX9qLAdGcK5Q}{Zeti6tjqTM2azZQTxmj3ig}{192.168.1.88}{192.168.1.88:9300}, reason: apply cluster state (from master [master {lg_node_1}{FD5NqzqVRuOX9qLAdGcK5Q}{Zeti6tjqTM2azZQTxmj3ig}{192.168.1.88}{192.168.1.88:9300} committed version [1] source [zen-disco-elected-as-master ([0] nodes joined)]])
[2018-12-07T09:23:44,112][INFO ][o.e.g.GatewayService     ] [lg_node_1] recovered [0] indices into cluster_state
[2018-12-07T09:23:44,282][INFO ][o.e.h.n.Netty4HttpServerTransport] [lg_node_1] publish_address {192.168.1.88:9200}, bound_addresses {[::]:9200}
[2018-12-07T09:23:44,282][INFO ][o.e.n.Node               ] [lg_node_1] started
[2018-12-07T10:00:45,239][INFO ][o.w.a.d.Monitor          ] try load config from D:\elasticsearch-6.2.1\config\analysis-ik\IKAnalyzer.cfg.xml
[2018-12-07T10:00:45,240][INFO ][o.w.a.d.Monitor          ] try load config from D:\elasticsearch-6.2.1\plugins\ik\config\IKAnalyzer.cfg.xml
[2018-12-07T10:00:45,510][INFO ][o.w.a.d.Monitor          ] [Dict Loading] liuguang.dic
[2018-12-07T10:28:14,986][INFO ][o.e.c.m.MetaDataCreateIndexService] [lg_node_1] [xc_course] creating index, cause [api], templates [], shards [1]/[0], mappings []
[2018-12-07T10:28:15,446][INFO ][o.e.c.r.a.AllocationService] [lg_node_1] Cluster health status changed from [YELLOW] to [GREEN] (reason: [shards started [[xc_course][0]] ...]).
[2018-12-07T10:28:49,298][INFO ][o.e.c.m.MetaDataMappingService] [lg_node_1] [xc_course/AegFt2n-S92LbEvz3PElLw] create_mapping [doc]
[2018-12-07T10:29:52,283][INFO ][o.e.c.m.MetaDataDeleteIndexService] [lg_node_1] [xc_course/AegFt2n-S92LbEvz3PElLw] deleting index
[2018-12-07T11:34:24,104][INFO ][o.e.c.m.MetaDataCreateIndexService] [lg_node_1] [xc_course] creating index, cause [api], templates [], shards [1]/[0], mappings []
[2018-12-07T11:34:24,348][INFO ][o.e.c.r.a.AllocationService] [lg_node_1] Cluster health status changed from [YELLOW] to [GREEN] (reason: [shards started [[xc_course][0]] ...]).
[2018-12-07T11:34:34,882][INFO ][o.e.c.m.MetaDataMappingService] [lg_node_1] [xc_course/GmsvNzrgTq-aXglGZzs1Mg] create_mapping [doc]
[2018-12-07T11:37:51,103][INFO ][o.e.c.m.MetaDataDeleteIndexService] [lg_node_1] [xc_course/GmsvNzrgTq-aXglGZzs1Mg] deleting index
[2018-12-07T11:38:19,138][INFO ][o.e.c.m.MetaDataCreateIndexService] [lg_node_1] [xc_course] creating index, cause [api], templates [], shards [1]/[0], mappings []
[2018-12-07T11:38:19,316][INFO ][o.e.c.r.a.AllocationService] [lg_node_1] Cluster health status changed from [YELLOW] to [GREEN] (reason: [shards started [[xc_course][0]] ...]).
[2018-12-07T11:38:59,681][INFO ][o.e.c.m.MetaDataDeleteIndexService] [lg_node_1] [xc_course/fALwGXIUTSG7BxC-ZrtqHg] deleting index
[2018-12-07T11:41:37,300][INFO ][o.e.c.m.MetaDataCreateIndexService] [lg_node_1] [xc_course] creating index, cause [api], templates [], shards [1]/[0], mappings [doc]
[2018-12-07T11:41:37,495][INFO ][o.e.c.r.a.AllocationService] [lg_node_1] Cluster health status changed from [YELLOW] to [GREEN] (reason: [shards started [[xc_course][0]] ...]).
[2018-12-07T11:57:00,006][INFO ][o.e.c.m.MetaDataMappingService] [lg_node_1] [xc_course/D5F0uzI8SSO0422NMeSDIQ] update_mapping [doc]
[2018-12-07T15:32:51,177][DEBUG][o.e.a.s.TransportSearchAction] [lg_node_1] [xc_course][0], node[FD5NqzqVRuOX9qLAdGcK5Q], [P], s[STARTED], a[id=1TyR9xyZQYWnFvcpwPw3dA]: Failed to execute [SearchRequest{searchType=QUERY_THEN_FETCH, indices=[xc_course], indicesOptions=IndicesOptions[id=38, ignore_unavailable=false, allow_no_indices=true, expand_wildcards_open=true, expand_wildcards_closed=false, allow_aliases_to_multiple_indices=true, forbid_closed_indices=true, ignore_aliases=false], types=[doc], routing='null', preference='null', requestCache=null, scroll=null, maxConcurrentShardRequests=5, batchedReduceSize=512, preFilterShardSize=128, source={"query":{"match_all":{"boost":1.0}},"_source":{"includes":["description","name"],"excludes":["studymodel"]},"sort":[{"studymodel":{"order":"desc"}}]}}]
org.elasticsearch.transport.RemoteTransportException: [lg_node_1][192.168.1.88:9300][indices:data/read/search[phase/query]]
Caused by: java.lang.IllegalArgumentException: Fielddata is disabled on text fields by default. Set fielddata=true on [studymodel] in order to load fielddata in memory by uninverting the inverted index. Note that this can however use significant memory. Alternatively use a keyword field instead.
	at org.elasticsearch.index.mapper.TextFieldMapper$TextFieldType.fielddataBuilder(TextFieldMapper.java:301) ~[elasticsearch-6.2.1.jar:6.2.1]
	at org.elasticsearch.index.fielddata.IndexFieldDataService.getForField(IndexFieldDataService.java:115) ~[elasticsearch-6.2.1.jar:6.2.1]
	at org.elasticsearch.index.query.QueryShardContext.getForField(QueryShardContext.java:165) ~[elasticsearch-6.2.1.jar:6.2.1]
	at org.elasticsearch.search.sort.FieldSortBuilder.build(FieldSortBuilder.java:341) ~[elasticsearch-6.2.1.jar:6.2.1]
	at org.elasticsearch.search.sort.SortBuilder.buildSort(SortBuilder.java:155) ~[elasticsearch-6.2.1.jar:6.2.1]
	at org.elasticsearch.search.SearchService.parseSource(SearchService.java:724) ~[elasticsearch-6.2.1.jar:6.2.1]
	at org.elasticsearch.search.SearchService.createContext(SearchService.java:558) ~[elasticsearch-6.2.1.jar:6.2.1]
	at org.elasticsearch.search.SearchService.createAndPutContext(SearchService.java:534) ~[elasticsearch-6.2.1.jar:6.2.1]
	at org.elasticsearch.search.SearchService.executeQueryPhase(SearchService.java:330) ~[elasticsearch-6.2.1.jar:6.2.1]
	at org.elasticsearch.search.SearchService$2.onResponse(SearchService.java:316) [elasticsearch-6.2.1.jar:6.2.1]
	at org.elasticsearch.search.SearchService$2.onResponse(SearchService.java:312) [elasticsearch-6.2.1.jar:6.2.1]
	at org.elasticsearch.search.SearchService$3.doRun(SearchService.java:1002) [elasticsearch-6.2.1.jar:6.2.1]
	at org.elasticsearch.common.util.concurrent.ThreadContext$ContextPreservingAbstractRunnable.doRun(ThreadContext.java:635) [elasticsearch-6.2.1.jar:6.2.1]
	at org.elasticsearch.common.util.concurrent.AbstractRunnable.run(AbstractRunnable.java:37) [elasticsearch-6.2.1.jar:6.2.1]
	at org.elasticsearch.common.util.concurrent.TimedRunnable.doRun(TimedRunnable.java:41) [elasticsearch-6.2.1.jar:6.2.1]
	at org.elasticsearch.common.util.concurrent.AbstractRunnable.run(AbstractRunnable.java:37) [elasticsearch-6.2.1.jar:6.2.1]
	at java.util.concurrent.ThreadPoolExecutor.runWorker(ThreadPoolExecutor.java:1149) [?:1.8.0_171]
	at java.util.concurrent.ThreadPoolExecutor$Worker.run(ThreadPoolExecutor.java:624) [?:1.8.0_171]
	at java.lang.Thread.run(Thread.java:748) [?:1.8.0_171]
[2018-12-07T15:32:51,194][DEBUG][o.e.a.s.TransportSearchAction] [lg_node_1] All shards failed for phase: [query]
org.elasticsearch.ElasticsearchException$1: Fielddata is disabled on text fields by default. Set fielddata=true on [studymodel] in order to load fielddata in memory by uninverting the inverted index. Note that this can however use significant memory. Alternatively use a keyword field instead.
	at org.elasticsearch.ElasticsearchException.guessRootCauses(ElasticsearchException.java:619) ~[elasticsearch-6.2.1.jar:6.2.1]
	at org.elasticsearch.action.search.AbstractSearchAsyncAction.executeNextPhase(AbstractSearchAsyncAction.java:128) ~[elasticsearch-6.2.1.jar:6.2.1]
	at org.elasticsearch.action.search.AbstractSearchAsyncAction.onPhaseDone(AbstractSearchAsyncAction.java:243) ~[elasticsearch-6.2.1.jar:6.2.1]
	at org.elasticsearch.action.search.InitialSearchPhase.onShardFailure(InitialSearchPhase.java:107) ~[elasticsearch-6.2.1.jar:6.2.1]
	at org.elasticsearch.action.search.InitialSearchPhase.access$100(InitialSearchPhase.java:49) ~[elasticsearch-6.2.1.jar:6.2.1]
	at org.elasticsearch.action.search.InitialSearchPhase$2.lambda$onFailure$1(InitialSearchPhase.java:217) ~[elasticsearch-6.2.1.jar:6.2.1]
	at org.elasticsearch.action.search.InitialSearchPhase.maybeFork(InitialSearchPhase.java:171) [elasticsearch-6.2.1.jar:6.2.1]
	at org.elasticsearch.action.search.InitialSearchPhase.access$000(InitialSearchPhase.java:49) [elasticsearch-6.2.1.jar:6.2.1]
	at org.elasticsearch.action.search.InitialSearchPhase$2.onFailure(InitialSearchPhase.java:217) [elasticsearch-6.2.1.jar:6.2.1]
	at org.elasticsearch.action.search.SearchExecutionStatsCollector.onFailure(SearchExecutionStatsCollector.java:73) [elasticsearch-6.2.1.jar:6.2.1]
	at org.elasticsearch.action.ActionListenerResponseHandler.handleException(ActionListenerResponseHandler.java:51) [elasticsearch-6.2.1.jar:6.2.1]
	at org.elasticsearch.action.search.SearchTransportService$ConnectionCountingHandler.handleException(SearchTransportService.java:531) [elasticsearch-6.2.1.jar:6.2.1]
	at org.elasticsearch.transport.TransportService$ContextRestoreResponseHandler.handleException(TransportService.java:1098) [elasticsearch-6.2.1.jar:6.2.1]
	at org.elasticsearch.transport.TransportService$DirectResponseChannel.processException(TransportService.java:1191) [elasticsearch-6.2.1.jar:6.2.1]
	at org.elasticsearch.transport.TransportService$DirectResponseChannel.sendResponse(TransportService.java:1175) [elasticsearch-6.2.1.jar:6.2.1]
	at org.elasticsearch.transport.TaskTransportChannel.sendResponse(TaskTransportChannel.java:66) [elasticsearch-6.2.1.jar:6.2.1]
	at org.elasticsearch.action.search.SearchTransportService$6$1.onFailure(SearchTransportService.java:389) [elasticsearch-6.2.1.jar:6.2.1]
	at org.elasticsearch.search.SearchService$2.onFailure(SearchService.java:324) [elasticsearch-6.2.1.jar:6.2.1]
	at org.elasticsearch.search.SearchService$2.onResponse(SearchService.java:318) [elasticsearch-6.2.1.jar:6.2.1]
	at org.elasticsearch.search.SearchService$2.onResponse(SearchService.java:312) [elasticsearch-6.2.1.jar:6.2.1]
	at org.elasticsearch.search.SearchService$3.doRun(SearchService.java:1002) [elasticsearch-6.2.1.jar:6.2.1]
	at org.elasticsearch.common.util.concurrent.ThreadContext$ContextPreservingAbstractRunnable.doRun(ThreadContext.java:635) [elasticsearch-6.2.1.jar:6.2.1]
	at org.elasticsearch.common.util.concurrent.AbstractRunnable.run(AbstractRunnable.java:37) [elasticsearch-6.2.1.jar:6.2.1]
	at org.elasticsearch.common.util.concurrent.TimedRunnable.doRun(TimedRunnable.java:41) [elasticsearch-6.2.1.jar:6.2.1]
	at org.elasticsearch.common.util.concurrent.AbstractRunnable.run(AbstractRunnable.java:37) [elasticsearch-6.2.1.jar:6.2.1]
	at java.util.concurrent.ThreadPoolExecutor.runWorker(ThreadPoolExecutor.java:1149) [?:1.8.0_171]
	at java.util.concurrent.ThreadPoolExecutor$Worker.run(ThreadPoolExecutor.java:624) [?:1.8.0_171]
	at java.lang.Thread.run(Thread.java:748) [?:1.8.0_171]
Caused by: java.lang.IllegalArgumentException: Fielddata is disabled on text fields by default. Set fielddata=true on [studymodel] in order to load fielddata in memory by uninverting the inverted index. Note that this can however use significant memory. Alternatively use a keyword field instead.
	at org.elasticsearch.index.mapper.TextFieldMapper$TextFieldType.fielddataBuilder(TextFieldMapper.java:301) ~[elasticsearch-6.2.1.jar:6.2.1]
	at org.elasticsearch.index.fielddata.IndexFieldDataService.getForField(IndexFieldDataService.java:115) ~[elasticsearch-6.2.1.jar:6.2.1]
	at org.elasticsearch.index.query.QueryShardContext.getForField(QueryShardContext.java:165) ~[elasticsearch-6.2.1.jar:6.2.1]
	at org.elasticsearch.search.sort.FieldSortBuilder.build(FieldSortBuilder.java:341) ~[elasticsearch-6.2.1.jar:6.2.1]
	at org.elasticsearch.search.sort.SortBuilder.buildSort(SortBuilder.java:155) ~[elasticsearch-6.2.1.jar:6.2.1]
	at org.elasticsearch.search.SearchService.parseSource(SearchService.java:724) ~[elasticsearch-6.2.1.jar:6.2.1]
	at org.elasticsearch.search.SearchService.createContext(SearchService.java:558) ~[elasticsearch-6.2.1.jar:6.2.1]
	at org.elasticsearch.search.SearchService.createAndPutContext(SearchService.java:534) ~[elasticsearch-6.2.1.jar:6.2.1]
	at org.elasticsearch.search.SearchService.executeQueryPhase(SearchService.java:330) ~[elasticsearch-6.2.1.jar:6.2.1]
	at org.elasticsearch.search.SearchService$2.onResponse(SearchService.java:316) ~[elasticsearch-6.2.1.jar:6.2.1]
	... 9 more
[2018-12-07T15:35:16,380][DEBUG][o.e.a.s.TransportSearchAction] [lg_node_1] [xc_course][0], node[FD5NqzqVRuOX9qLAdGcK5Q], [P], s[STARTED], a[id=1TyR9xyZQYWnFvcpwPw3dA]: Failed to execute [SearchRequest{searchType=QUERY_THEN_FETCH, indices=[xc_course], indicesOptions=IndicesOptions[id=38, ignore_unavailable=false, allow_no_indices=true, expand_wildcards_open=true, expand_wildcards_closed=false, allow_aliases_to_multiple_indices=true, forbid_closed_indices=true, ignore_aliases=false], types=[doc], routing='null', preference='null', requestCache=null, scroll=null, maxConcurrentShardRequests=5, batchedReduceSize=512, preFilterShardSize=128, source={"query":{"match_all":{"boost":1.0}},"_source":{"includes":["description","name"],"excludes":["studymodel"]},"sort":[{"studymodel":{"order":"desc"}}]}}]
org.elasticsearch.transport.RemoteTransportException: [lg_node_1][192.168.1.88:9300][indices:data/read/search[phase/query]]
Caused by: java.lang.IllegalArgumentException: Fielddata is disabled on text fields by default. Set fielddata=true on [studymodel] in order to load fielddata in memory by uninverting the inverted index. Note that this can however use significant memory. Alternatively use a keyword field instead.
	at org.elasticsearch.index.mapper.TextFieldMapper$TextFieldType.fielddataBuilder(TextFieldMapper.java:301) ~[elasticsearch-6.2.1.jar:6.2.1]
	at org.elasticsearch.index.fielddata.IndexFieldDataService.getForField(IndexFieldDataService.java:115) ~[elasticsearch-6.2.1.jar:6.2.1]
	at org.elasticsearch.index.query.QueryShardContext.getForField(QueryShardContext.java:165) ~[elasticsearch-6.2.1.jar:6.2.1]
	at org.elasticsearch.search.sort.FieldSortBuilder.build(FieldSortBuilder.java:341) ~[elasticsearch-6.2.1.jar:6.2.1]
	at org.elasticsearch.search.sort.SortBuilder.buildSort(SortBuilder.java:155) ~[elasticsearch-6.2.1.jar:6.2.1]
	at org.elasticsearch.search.SearchService.parseSource(SearchService.java:724) ~[elasticsearch-6.2.1.jar:6.2.1]
	at org.elasticsearch.search.SearchService.createContext(SearchService.java:558) ~[elasticsearch-6.2.1.jar:6.2.1]
	at org.elasticsearch.search.SearchService.createAndPutContext(SearchService.java:534) ~[elasticsearch-6.2.1.jar:6.2.1]
	at org.elasticsearch.search.SearchService.executeQueryPhase(SearchService.java:330) ~[elasticsearch-6.2.1.jar:6.2.1]
	at org.elasticsearch.search.SearchService$2.onResponse(SearchService.java:316) [elasticsearch-6.2.1.jar:6.2.1]
	at org.elasticsearch.search.SearchService$2.onResponse(SearchService.java:312) [elasticsearch-6.2.1.jar:6.2.1]
	at org.elasticsearch.search.SearchService$3.doRun(SearchService.java:1002) [elasticsearch-6.2.1.jar:6.2.1]
	at org.elasticsearch.common.util.concurrent.ThreadContext$ContextPreservingAbstractRunnable.doRun(ThreadContext.java:635) [elasticsearch-6.2.1.jar:6.2.1]
	at org.elasticsearch.common.util.concurrent.AbstractRunnable.run(AbstractRunnable.java:37) [elasticsearch-6.2.1.jar:6.2.1]
	at org.elasticsearch.common.util.concurrent.TimedRunnable.doRun(TimedRunnable.java:41) [elasticsearch-6.2.1.jar:6.2.1]
	at org.elasticsearch.common.util.concurrent.AbstractRunnable.run(AbstractRunnable.java:37) [elasticsearch-6.2.1.jar:6.2.1]
	at java.util.concurrent.ThreadPoolExecutor.runWorker(ThreadPoolExecutor.java:1149) [?:1.8.0_171]
	at java.util.concurrent.ThreadPoolExecutor$Worker.run(ThreadPoolExecutor.java:624) [?:1.8.0_171]
	at java.lang.Thread.run(Thread.java:748) [?:1.8.0_171]
[2018-12-07T15:35:16,383][DEBUG][o.e.a.s.TransportSearchAction] [lg_node_1] All shards failed for phase: [query]
org.elasticsearch.ElasticsearchException$1: Fielddata is disabled on text fields by default. Set fielddata=true on [studymodel] in order to load fielddata in memory by uninverting the inverted index. Note that this can however use significant memory. Alternatively use a keyword field instead.
	at org.elasticsearch.ElasticsearchException.guessRootCauses(ElasticsearchException.java:619) ~[elasticsearch-6.2.1.jar:6.2.1]
	at org.elasticsearch.action.search.AbstractSearchAsyncAction.executeNextPhase(AbstractSearchAsyncAction.java:128) ~[elasticsearch-6.2.1.jar:6.2.1]
	at org.elasticsearch.action.search.AbstractSearchAsyncAction.onPhaseDone(AbstractSearchAsyncAction.java:243) ~[elasticsearch-6.2.1.jar:6.2.1]
	at org.elasticsearch.action.search.InitialSearchPhase.onShardFailure(InitialSearchPhase.java:107) ~[elasticsearch-6.2.1.jar:6.2.1]
	at org.elasticsearch.action.search.InitialSearchPhase.access$100(InitialSearchPhase.java:49) ~[elasticsearch-6.2.1.jar:6.2.1]
	at org.elasticsearch.action.search.InitialSearchPhase$2.lambda$onFailure$1(InitialSearchPhase.java:217) ~[elasticsearch-6.2.1.jar:6.2.1]
	at org.elasticsearch.action.search.InitialSearchPhase.maybeFork(InitialSearchPhase.java:171) [elasticsearch-6.2.1.jar:6.2.1]
	at org.elasticsearch.action.search.InitialSearchPhase.access$000(InitialSearchPhase.java:49) [elasticsearch-6.2.1.jar:6.2.1]
	at org.elasticsearch.action.search.InitialSearchPhase$2.onFailure(InitialSearchPhase.java:217) [elasticsearch-6.2.1.jar:6.2.1]
	at org.elasticsearch.action.search.SearchExecutionStatsCollector.onFailure(SearchExecutionStatsCollector.java:73) [elasticsearch-6.2.1.jar:6.2.1]
	at org.elasticsearch.action.ActionListenerResponseHandler.handleException(ActionListenerResponseHandler.java:51) [elasticsearch-6.2.1.jar:6.2.1]
	at org.elasticsearch.action.search.SearchTransportService$ConnectionCountingHandler.handleException(SearchTransportService.java:531) [elasticsearch-6.2.1.jar:6.2.1]
	at org.elasticsearch.transport.TransportService$ContextRestoreResponseHandler.handleException(TransportService.java:1098) [elasticsearch-6.2.1.jar:6.2.1]
	at org.elasticsearch.transport.TransportService$DirectResponseChannel.processException(TransportService.java:1191) [elasticsearch-6.2.1.jar:6.2.1]
	at org.elasticsearch.transport.TransportService$DirectResponseChannel.sendResponse(TransportService.java:1175) [elasticsearch-6.2.1.jar:6.2.1]
	at org.elasticsearch.transport.TaskTransportChannel.sendResponse(TaskTransportChannel.java:66) [elasticsearch-6.2.1.jar:6.2.1]
	at org.elasticsearch.action.search.SearchTransportService$6$1.onFailure(SearchTransportService.java:389) [elasticsearch-6.2.1.jar:6.2.1]
	at org.elasticsearch.search.SearchService$2.onFailure(SearchService.java:324) [elasticsearch-6.2.1.jar:6.2.1]
	at org.elasticsearch.search.SearchService$2.onResponse(SearchService.java:318) [elasticsearch-6.2.1.jar:6.2.1]
	at org.elasticsearch.search.SearchService$2.onResponse(SearchService.java:312) [elasticsearch-6.2.1.jar:6.2.1]
	at org.elasticsearch.search.SearchService$3.doRun(SearchService.java:1002) [elasticsearch-6.2.1.jar:6.2.1]
	at org.elasticsearch.common.util.concurrent.ThreadContext$ContextPreservingAbstractRunnable.doRun(ThreadContext.java:635) [elasticsearch-6.2.1.jar:6.2.1]
	at org.elasticsearch.common.util.concurrent.AbstractRunnable.run(AbstractRunnable.java:37) [elasticsearch-6.2.1.jar:6.2.1]
	at org.elasticsearch.common.util.concurrent.TimedRunnable.doRun(TimedRunnable.java:41) [elasticsearch-6.2.1.jar:6.2.1]
	at org.elasticsearch.common.util.concurrent.AbstractRunnable.run(AbstractRunnable.java:37) [elasticsearch-6.2.1.jar:6.2.1]
	at java.util.concurrent.ThreadPoolExecutor.runWorker(ThreadPoolExecutor.java:1149) [?:1.8.0_171]
	at java.util.concurrent.ThreadPoolExecutor$Worker.run(ThreadPoolExecutor.java:624) [?:1.8.0_171]
	at java.lang.Thread.run(Thread.java:748) [?:1.8.0_171]
Caused by: java.lang.IllegalArgumentException: Fielddata is disabled on text fields by default. Set fielddata=true on [studymodel] in order to load fielddata in memory by uninverting the inverted index. Note that this can however use significant memory. Alternatively use a keyword field instead.
	at org.elasticsearch.index.mapper.TextFieldMapper$TextFieldType.fielddataBuilder(TextFieldMapper.java:301) ~[elasticsearch-6.2.1.jar:6.2.1]
	at org.elasticsearch.index.fielddata.IndexFieldDataService.getForField(IndexFieldDataService.java:115) ~[elasticsearch-6.2.1.jar:6.2.1]
	at org.elasticsearch.index.query.QueryShardContext.getForField(QueryShardContext.java:165) ~[elasticsearch-6.2.1.jar:6.2.1]
	at org.elasticsearch.search.sort.FieldSortBuilder.build(FieldSortBuilder.java:341) ~[elasticsearch-6.2.1.jar:6.2.1]
	at org.elasticsearch.search.sort.SortBuilder.buildSort(SortBuilder.java:155) ~[elasticsearch-6.2.1.jar:6.2.1]
	at org.elasticsearch.search.SearchService.parseSource(SearchService.java:724) ~[elasticsearch-6.2.1.jar:6.2.1]
	at org.elasticsearch.search.SearchService.createContext(SearchService.java:558) ~[elasticsearch-6.2.1.jar:6.2.1]
	at org.elasticsearch.search.SearchService.createAndPutContext(SearchService.java:534) ~[elasticsearch-6.2.1.jar:6.2.1]
	at org.elasticsearch.search.SearchService.executeQueryPhase(SearchService.java:330) ~[elasticsearch-6.2.1.jar:6.2.1]
	at org.elasticsearch.search.SearchService$2.onResponse(SearchService.java:316) ~[elasticsearch-6.2.1.jar:6.2.1]
	... 9 more
[2018-12-07T15:35:50,584][DEBUG][o.e.a.s.TransportSearchAction] [lg_node_1] [xc_course][0], node[FD5NqzqVRuOX9qLAdGcK5Q], [P], s[STARTED], a[id=1TyR9xyZQYWnFvcpwPw3dA]: Failed to execute [SearchRequest{searchType=QUERY_THEN_FETCH, indices=[xc_course], indicesOptions=IndicesOptions[id=38, ignore_unavailable=false, allow_no_indices=true, expand_wildcards_open=true, expand_wildcards_closed=false, allow_aliases_to_multiple_indices=true, forbid_closed_indices=true, ignore_aliases=false], types=[doc], routing='null', preference='null', requestCache=null, scroll=null, maxConcurrentShardRequests=5, batchedReduceSize=512, preFilterShardSize=128, source={"query":{"match_all":{"boost":1.0}},"_source":{"includes":["description","name"],"excludes":["studymodel"]},"sort":[{"studymodel":{"order":"desc"}}]}}]
org.elasticsearch.transport.RemoteTransportException: [lg_node_1][192.168.1.88:9300][indices:data/read/search[phase/query]]
Caused by: java.lang.IllegalArgumentException: Fielddata is disabled on text fields by default. Set fielddata=true on [studymodel] in order to load fielddata in memory by uninverting the inverted index. Note that this can however use significant memory. Alternatively use a keyword field instead.
	at org.elasticsearch.index.mapper.TextFieldMapper$TextFieldType.fielddataBuilder(TextFieldMapper.java:301) ~[elasticsearch-6.2.1.jar:6.2.1]
	at org.elasticsearch.index.fielddata.IndexFieldDataService.getForField(IndexFieldDataService.java:115) ~[elasticsearch-6.2.1.jar:6.2.1]
	at org.elasticsearch.index.query.QueryShardContext.getForField(QueryShardContext.java:165) ~[elasticsearch-6.2.1.jar:6.2.1]
	at org.elasticsearch.search.sort.FieldSortBuilder.build(FieldSortBuilder.java:341) ~[elasticsearch-6.2.1.jar:6.2.1]
	at org.elasticsearch.search.sort.SortBuilder.buildSort(SortBuilder.java:155) ~[elasticsearch-6.2.1.jar:6.2.1]
	at org.elasticsearch.search.SearchService.parseSource(SearchService.java:724) ~[elasticsearch-6.2.1.jar:6.2.1]
	at org.elasticsearch.search.SearchService.createContext(SearchService.java:558) ~[elasticsearch-6.2.1.jar:6.2.1]
	at org.elasticsearch.search.SearchService.createAndPutContext(SearchService.java:534) ~[elasticsearch-6.2.1.jar:6.2.1]
	at org.elasticsearch.search.SearchService.executeQueryPhase(SearchService.java:330) ~[elasticsearch-6.2.1.jar:6.2.1]
	at org.elasticsearch.search.SearchService$2.onResponse(SearchService.java:316) [elasticsearch-6.2.1.jar:6.2.1]
	at org.elasticsearch.search.SearchService$2.onResponse(SearchService.java:312) [elasticsearch-6.2.1.jar:6.2.1]
	at org.elasticsearch.search.SearchService$3.doRun(SearchService.java:1002) [elasticsearch-6.2.1.jar:6.2.1]
	at org.elasticsearch.common.util.concurrent.ThreadContext$ContextPreservingAbstractRunnable.doRun(ThreadContext.java:635) [elasticsearch-6.2.1.jar:6.2.1]
	at org.elasticsearch.common.util.concurrent.AbstractRunnable.run(AbstractRunnable.java:37) [elasticsearch-6.2.1.jar:6.2.1]
	at org.elasticsearch.common.util.concurrent.TimedRunnable.doRun(TimedRunnable.java:41) [elasticsearch-6.2.1.jar:6.2.1]
	at org.elasticsearch.common.util.concurrent.AbstractRunnable.run(AbstractRunnable.java:37) [elasticsearch-6.2.1.jar:6.2.1]
	at java.util.concurrent.ThreadPoolExecutor.runWorker(ThreadPoolExecutor.java:1149) [?:1.8.0_171]
	at java.util.concurrent.ThreadPoolExecutor$Worker.run(ThreadPoolExecutor.java:624) [?:1.8.0_171]
	at java.lang.Thread.run(Thread.java:748) [?:1.8.0_171]
[2018-12-07T15:35:50,585][DEBUG][o.e.a.s.TransportSearchAction] [lg_node_1] All shards failed for phase: [query]
org.elasticsearch.ElasticsearchException$1: Fielddata is disabled on text fields by default. Set fielddata=true on [studymodel] in order to load fielddata in memory by uninverting the inverted index. Note that this can however use significant memory. Alternatively use a keyword field instead.
	at org.elasticsearch.ElasticsearchException.guessRootCauses(ElasticsearchException.java:619) ~[elasticsearch-6.2.1.jar:6.2.1]
	at org.elasticsearch.action.search.AbstractSearchAsyncAction.executeNextPhase(AbstractSearchAsyncAction.java:128) ~[elasticsearch-6.2.1.jar:6.2.1]
	at org.elasticsearch.action.search.AbstractSearchAsyncAction.onPhaseDone(AbstractSearchAsyncAction.java:243) ~[elasticsearch-6.2.1.jar:6.2.1]
	at org.elasticsearch.action.search.InitialSearchPhase.onShardFailure(InitialSearchPhase.java:107) ~[elasticsearch-6.2.1.jar:6.2.1]
	at org.elasticsearch.action.search.InitialSearchPhase.access$100(InitialSearchPhase.java:49) ~[elasticsearch-6.2.1.jar:6.2.1]
	at org.elasticsearch.action.search.InitialSearchPhase$2.lambda$onFailure$1(InitialSearchPhase.java:217) ~[elasticsearch-6.2.1.jar:6.2.1]
	at org.elasticsearch.action.search.InitialSearchPhase.maybeFork(InitialSearchPhase.java:171) [elasticsearch-6.2.1.jar:6.2.1]
	at org.elasticsearch.action.search.InitialSearchPhase.access$000(InitialSearchPhase.java:49) [elasticsearch-6.2.1.jar:6.2.1]
	at org.elasticsearch.action.search.InitialSearchPhase$2.onFailure(InitialSearchPhase.java:217) [elasticsearch-6.2.1.jar:6.2.1]
	at org.elasticsearch.action.search.SearchExecutionStatsCollector.onFailure(SearchExecutionStatsCollector.java:73) [elasticsearch-6.2.1.jar:6.2.1]
	at org.elasticsearch.action.ActionListenerResponseHandler.handleException(ActionListenerResponseHandler.java:51) [elasticsearch-6.2.1.jar:6.2.1]
	at org.elasticsearch.action.search.SearchTransportService$ConnectionCountingHandler.handleException(SearchTransportService.java:531) [elasticsearch-6.2.1.jar:6.2.1]
	at org.elasticsearch.transport.TransportService$ContextRestoreResponseHandler.handleException(TransportService.java:1098) [elasticsearch-6.2.1.jar:6.2.1]
	at org.elasticsearch.transport.TransportService$DirectResponseChannel.processException(TransportService.java:1191) [elasticsearch-6.2.1.jar:6.2.1]
	at org.elasticsearch.transport.TransportService$DirectResponseChannel.sendResponse(TransportService.java:1175) [elasticsearch-6.2.1.jar:6.2.1]
	at org.elasticsearch.transport.TaskTransportChannel.sendResponse(TaskTransportChannel.java:66) [elasticsearch-6.2.1.jar:6.2.1]
	at org.elasticsearch.action.search.SearchTransportService$6$1.onFailure(SearchTransportService.java:389) [elasticsearch-6.2.1.jar:6.2.1]
	at org.elasticsearch.search.SearchService$2.onFailure(SearchService.java:324) [elasticsearch-6.2.1.jar:6.2.1]
	at org.elasticsearch.search.SearchService$2.onResponse(SearchService.java:318) [elasticsearch-6.2.1.jar:6.2.1]
	at org.elasticsearch.search.SearchService$2.onResponse(SearchService.java:312) [elasticsearch-6.2.1.jar:6.2.1]
	at org.elasticsearch.search.SearchService$3.doRun(SearchService.java:1002) [elasticsearch-6.2.1.jar:6.2.1]
	at org.elasticsearch.common.util.concurrent.ThreadContext$ContextPreservingAbstractRunnable.doRun(ThreadContext.java:635) [elasticsearch-6.2.1.jar:6.2.1]
	at org.elasticsearch.common.util.concurrent.AbstractRunnable.run(AbstractRunnable.java:37) [elasticsearch-6.2.1.jar:6.2.1]
	at org.elasticsearch.common.util.concurrent.TimedRunnable.doRun(TimedRunnable.java:41) [elasticsearch-6.2.1.jar:6.2.1]
	at org.elasticsearch.common.util.concurrent.AbstractRunnable.run(AbstractRunnable.java:37) [elasticsearch-6.2.1.jar:6.2.1]
	at java.util.concurrent.ThreadPoolExecutor.runWorker(ThreadPoolExecutor.java:1149) [?:1.8.0_171]
	at java.util.concurrent.ThreadPoolExecutor$Worker.run(ThreadPoolExecutor.java:624) [?:1.8.0_171]
	at java.lang.Thread.run(Thread.java:748) [?:1.8.0_171]
Caused by: java.lang.IllegalArgumentException: Fielddata is disabled on text fields by default. Set fielddata=true on [studymodel] in order to load fielddata in memory by uninverting the inverted index. Note that this can however use significant memory. Alternatively use a keyword field instead.
	at org.elasticsearch.index.mapper.TextFieldMapper$TextFieldType.fielddataBuilder(TextFieldMapper.java:301) ~[elasticsearch-6.2.1.jar:6.2.1]
	at org.elasticsearch.index.fielddata.IndexFieldDataService.getForField(IndexFieldDataService.java:115) ~[elasticsearch-6.2.1.jar:6.2.1]
	at org.elasticsearch.index.query.QueryShardContext.getForField(QueryShardContext.java:165) ~[elasticsearch-6.2.1.jar:6.2.1]
	at org.elasticsearch.search.sort.FieldSortBuilder.build(FieldSortBuilder.java:341) ~[elasticsearch-6.2.1.jar:6.2.1]
	at org.elasticsearch.search.sort.SortBuilder.buildSort(SortBuilder.java:155) ~[elasticsearch-6.2.1.jar:6.2.1]
	at org.elasticsearch.search.SearchService.parseSource(SearchService.java:724) ~[elasticsearch-6.2.1.jar:6.2.1]
	at org.elasticsearch.search.SearchService.createContext(SearchService.java:558) ~[elasticsearch-6.2.1.jar:6.2.1]
	at org.elasticsearch.search.SearchService.createAndPutContext(SearchService.java:534) ~[elasticsearch-6.2.1.jar:6.2.1]
	at org.elasticsearch.search.SearchService.executeQueryPhase(SearchService.java:330) ~[elasticsearch-6.2.1.jar:6.2.1]
	at org.elasticsearch.search.SearchService$2.onResponse(SearchService.java:316) ~[elasticsearch-6.2.1.jar:6.2.1]
	... 9 more
